2023-01-23 14:12:02,052:INFO:Initializing load_model()
2023-01-23 14:12:02,052:INFO:load_model(model_name=/deployment_28042020, platform=None, authentication=None, verbose=True)
2023-01-23 14:13:43,468:INFO:Initializing load_model()
2023-01-23 14:13:43,468:INFO:load_model(model_name=./deployment_28042020, platform=None, authentication=None, verbose=True)
2023-01-23 14:14:33,197:INFO:Initializing predict_model()
2023-01-23 14:14:33,197:INFO:predict_model(estimator=Pipeline(steps=[('dtypes',
                 DataTypes_Auto_infer(display_types=False,
                                      ml_usecase='classification',
                                      target='Exited')),
                ('imputer',
                 Simple_Imputer(categorical_strategy='not_available',
                                fill_value_categorical=None,
                                fill_value_numerical=None,
                                numeric_strategy='mean',
                                target_variable=None)),
                ('new_levels1',
                 New_Catagorical_Levels_in_TestData(replacement_strategy='l...
                ('binn', 'passthrough'), ('rem_outliers', 'passthrough'),
                ('cluster_all', 'passthrough'),
                ('dummy', Dummify(target='Exited')),
                ('fix_perfect', Remove_100(target='Exited')),
                ('clean_names', Clean_Colum_Names()),
                ('feature_select', 'passthrough'), ('fix_multi', 'passthrough'),
                ('dfs', 'passthrough'), ('pca', 'passthrough'),
                ['trained_model',
                 GradientBoostingClassifier(random_state=5950)]]), probability_threshold=None, encoded_labels=False, drift_report=False, raw_score=False, round=4, verbose=True, ml_usecase=MLUsecase.CLASSIFICATION, display=None, drift_kwargs=None)
2023-01-23 14:14:33,198:INFO:Checking exceptions
2023-01-23 14:14:33,198:INFO:Preloading libraries
2023-01-23 16:28:34,766:INFO:Initializing load_model()
2023-01-23 16:28:34,766:INFO:load_model(model_name=./deployment_28042020, platform=None, authentication=None, verbose=True)
2023-01-23 16:29:51,435:INFO:Initializing predict_model()
2023-01-23 16:29:51,435:INFO:predict_model(estimator=Pipeline(steps=[('dtypes',
                 DataTypes_Auto_infer(display_types=False,
                                      ml_usecase='classification',
                                      target='Exited')),
                ('imputer',
                 Simple_Imputer(categorical_strategy='not_available',
                                fill_value_categorical=None,
                                fill_value_numerical=None,
                                numeric_strategy='mean',
                                target_variable=None)),
                ('new_levels1',
                 New_Catagorical_Levels_in_TestData(replacement_strategy='l...
                ('binn', 'passthrough'), ('rem_outliers', 'passthrough'),
                ('cluster_all', 'passthrough'),
                ('dummy', Dummify(target='Exited')),
                ('fix_perfect', Remove_100(target='Exited')),
                ('clean_names', Clean_Colum_Names()),
                ('feature_select', 'passthrough'), ('fix_multi', 'passthrough'),
                ('dfs', 'passthrough'), ('pca', 'passthrough'),
                ['trained_model',
                 GradientBoostingClassifier(random_state=5950)]]), probability_threshold=None, encoded_labels=False, drift_report=False, raw_score=False, round=4, verbose=True, ml_usecase=MLUsecase.CLASSIFICATION, display=None, drift_kwargs=None)
2023-01-23 16:29:51,435:INFO:Checking exceptions
2023-01-23 16:29:51,435:INFO:Preloading libraries
2023-02-07 13:57:14,589:INFO:Initializing load_model()
2023-02-07 13:57:14,589:INFO:load_model(model_name=./deployment_28042020, platform=None, authentication=None, verbose=True)
2023-02-07 13:58:37,270:INFO:Initializing predict_model()
2023-02-07 13:58:37,271:INFO:predict_model(estimator=Pipeline(steps=[('dtypes',
                 DataTypes_Auto_infer(display_types=False,
                                      ml_usecase='classification',
                                      target='Exited')),
                ('imputer',
                 Simple_Imputer(categorical_strategy='not_available',
                                fill_value_categorical=None,
                                fill_value_numerical=None,
                                numeric_strategy='mean',
                                target_variable=None)),
                ('new_levels1',
                 New_Catagorical_Levels_in_TestData(replacement_strategy='l...
                ('binn', 'passthrough'), ('rem_outliers', 'passthrough'),
                ('cluster_all', 'passthrough'),
                ('dummy', Dummify(target='Exited')),
                ('fix_perfect', Remove_100(target='Exited')),
                ('clean_names', Clean_Colum_Names()),
                ('feature_select', 'passthrough'), ('fix_multi', 'passthrough'),
                ('dfs', 'passthrough'), ('pca', 'passthrough'),
                ['trained_model',
                 GradientBoostingClassifier(random_state=5950)]]), probability_threshold=None, encoded_labels=False, drift_report=False, raw_score=False, round=4, verbose=True, ml_usecase=MLUsecase.CLASSIFICATION, display=None, drift_kwargs=None)
2023-02-07 13:58:37,271:INFO:Checking exceptions
2023-02-07 13:58:37,271:INFO:Preloading libraries
2023-02-08 14:24:17,625:INFO:Initializing load_model()
2023-02-08 14:24:17,626:INFO:load_model(model_name=./deployment_28042020, platform=None, authentication=None, verbose=True)
2023-02-08 15:40:12,964:INFO:PyCaret Supervised Module
2023-02-08 15:40:12,965:INFO:ML Usecase: classification
2023-02-08 15:40:12,966:INFO:version 2.3.10
2023-02-08 15:40:12,967:INFO:Initializing setup()
2023-02-08 15:40:12,968:INFO:setup(target=Exited, ml_usecase=classification, available_plots={'parameter': 'Hyperparameters', 'auc': 'AUC', 'confusion_matrix': 'Confusion Matrix', 'threshold': 'Threshold', 'pr': 'Precision Recall', 'error': 'Prediction Error', 'class_report': 'Class Report', 'rfe': 'Feature Selection', 'learning': 'Learning Curve', 'manifold': 'Manifold Learning', 'calibration': 'Calibration Curve', 'vc': 'Validation Curve', 'dimension': 'Dimensions', 'feature': 'Feature Importance', 'feature_all': 'Feature Importance (All)', 'boundary': 'Decision Boundary', 'lift': 'Lift Chart', 'gain': 'Gain Chart', 'tree': 'Decision Tree', 'ks': 'KS Statistic Plot'}, train_size=0.7, test_data=None, preprocess=True, imputation_type=simple, iterative_imputation_iters=5, categorical_features=None, categorical_imputation=constant, categorical_iterative_imputer=lightgbm, ordinal_features=None, high_cardinality_features=None, high_cardinality_method=frequency, numeric_features=None, numeric_imputation=mean, numeric_iterative_imputer=lightgbm, date_features=None, ignore_features=None, normalize=False, normalize_method=zscore, transformation=False, transformation_method=yeo-johnson, handle_unknown_categorical=True, unknown_categorical_method=least_frequent, pca=False, pca_method=linear, pca_components=None, ignore_low_variance=False, combine_rare_levels=False, rare_level_threshold=0.1, bin_numeric_features=None, remove_outliers=False, outliers_threshold=0.05, remove_multicollinearity=False, multicollinearity_threshold=0.9, remove_perfect_collinearity=True, create_clusters=False, cluster_iter=20, polynomial_features=False, polynomial_degree=2, trigonometry_features=False, polynomial_threshold=0.1, group_features=None, group_names=None, feature_selection=False, feature_selection_threshold=0.8, feature_selection_method=classic, feature_interaction=False, feature_ratio=False, interaction_threshold=0.01, fix_imbalance=False, fix_imbalance_method=None, transform_target=False, transform_target_method=box-cox, data_split_shuffle=True, data_split_stratify=False, fold_strategy=stratifiedkfold, fold=10, fold_shuffle=False, fold_groups=None, n_jobs=-1, use_gpu=False, custom_pipeline=None, html=False, session_id=None, log_experiment=False, experiment_name=None, experiment_custom_tags=None, log_plots=False, log_profile=False, log_data=False, silent=True, verbose=True, profile=False, profile_kwargs=None, display=None)
2023-02-08 15:40:12,969:INFO:Checking environment
2023-02-08 15:40:12,970:INFO:python_version: 3.8.8
2023-02-08 15:40:12,971:INFO:python_build: ('default', 'Apr 13 2021 15:08:03')
2023-02-08 15:40:12,971:INFO:machine: AMD64
2023-02-08 15:40:12,972:INFO:platform: Windows-10-10.0.19041-SP0
2023-02-08 15:40:12,972:INFO:Memory: svmem(total=17031413760, available=5491105792, percent=67.8, used=11540307968, free=5491105792)
2023-02-08 15:40:12,973:INFO:Physical Core: 4
2023-02-08 15:40:12,973:INFO:Logical Core: 8
2023-02-08 15:40:12,974:INFO:Checking libraries
2023-02-08 15:40:12,974:INFO:pd==1.5.2
2023-02-08 15:40:12,975:INFO:numpy==1.20.3
2023-02-08 15:40:12,976:INFO:sklearn==0.23.2
2023-02-08 15:40:12,978:INFO:lightgbm==3.3.4
2023-02-08 15:40:12,979:WARNING:catboost not found
2023-02-08 15:40:13,341:INFO:xgboost==1.7.3
2023-02-08 15:40:13,342:INFO:mlflow==2.1.1
2023-02-08 15:40:13,343:INFO:Checking Exceptions
2023-02-08 15:40:13,347:INFO:Declaring global variables
2023-02-08 15:40:13,348:INFO:USI: e8c7
2023-02-08 15:40:13,349:INFO:pycaret_globals: {'display_container', '_all_models', 'y', '_available_plots', 'X_train', 'fix_imbalance_method_param', 'master_model_container', 'pycaret_globals', 'log_plots_param', 'fold_groups_param_full', 'n_jobs_param', '_internal_pipeline', 'create_model_container', 'seed', 'fix_imbalance_param', 'fold_generator', 'dashboard_logger', 'y_test', 'target_param', 'prep_pipe', 'y_train', 'X_test', '_all_models_internal', 'stratify_param', 'USI', 'fold_groups_param', 'transform_target_param', 'exp_name_log', '_ml_usecase', 'gpu_param', '_gpu_n_jobs_param', 'X', 'fold_param', 'experiment__', 'imputation_regressor', 'imputation_classifier', 'iterative_imputation_iters_param', 'fold_shuffle_param', 'html_param', 'transform_target_method_param', 'data_before_preprocess', 'logging_param', '_all_metrics'}
2023-02-08 15:40:13,350:INFO:Preparing display monitor
2023-02-08 15:40:13,351:INFO:Preparing display monitor
2023-02-08 15:40:13,351:INFO:Importing libraries
2023-02-08 15:40:13,352:INFO:Copying data for preprocessing
2023-02-08 15:40:13,354:INFO:Declaring preprocessing parameters
2023-02-08 15:40:13,359:INFO:Creating preprocessing pipeline
2023-02-08 15:40:13,379:INFO:Preprocessing pipeline created successfully
2023-02-08 15:40:13,379:ERROR:(Process Exit): setup has been interupted with user command 'quit'. setup must rerun.
2023-02-08 15:40:13,380:INFO:Creating global containers
2023-02-08 15:40:13,384:INFO:Internal pipeline: Pipeline(memory=None, steps=[('empty_step', 'passthrough')], verbose=False)
2023-02-08 15:40:13,787:WARNING:Couldn't import catboost.CatBoostClassifier
2023-02-08 15:40:13,877:WARNING:Couldn't import catboost.CatBoostClassifier
2023-02-08 15:40:13,878:INFO:Creating grid variables
2023-02-08 15:40:13,901:INFO:create_model_container: 0
2023-02-08 15:40:13,902:INFO:master_model_container: 0
2023-02-08 15:40:13,903:INFO:display_container: 1
2023-02-08 15:40:13,908:INFO:Pipeline(memory=None,
         steps=[('dtypes',
                 DataTypes_Auto_infer(categorical_features=[],
                                      display_types=False, features_todrop=[],
                                      id_columns=[],
                                      ml_usecase='classification',
                                      numerical_features=[], target='Exited',
                                      time_features=[])),
                ('imputer',
                 Simple_Imputer(categorical_strategy='not_available',
                                fill_value_categorical=None,
                                fill_value_numerical=None,
                                numeric_stra...
                ('scaling', 'passthrough'), ('P_transform', 'passthrough'),
                ('binn', 'passthrough'), ('rem_outliers', 'passthrough'),
                ('cluster_all', 'passthrough'),
                ('dummy', Dummify(target='Exited')),
                ('fix_perfect', Remove_100(target='Exited')),
                ('clean_names', Clean_Colum_Names()),
                ('feature_select', 'passthrough'), ('fix_multi', 'passthrough'),
                ('dfs', 'passthrough'), ('pca', 'passthrough')],
         verbose=False)
2023-02-08 15:40:13,909:INFO:setup() succesfully completed......................................
2023-02-08 15:42:19,827:INFO:PyCaret Supervised Module
2023-02-08 15:42:19,828:INFO:ML Usecase: classification
2023-02-08 15:42:19,828:INFO:version 2.3.10
2023-02-08 15:42:19,829:INFO:Initializing setup()
2023-02-08 15:42:19,830:INFO:setup(target=Exited, ml_usecase=classification, available_plots={'parameter': 'Hyperparameters', 'auc': 'AUC', 'confusion_matrix': 'Confusion Matrix', 'threshold': 'Threshold', 'pr': 'Precision Recall', 'error': 'Prediction Error', 'class_report': 'Class Report', 'rfe': 'Feature Selection', 'learning': 'Learning Curve', 'manifold': 'Manifold Learning', 'calibration': 'Calibration Curve', 'vc': 'Validation Curve', 'dimension': 'Dimensions', 'feature': 'Feature Importance', 'feature_all': 'Feature Importance (All)', 'boundary': 'Decision Boundary', 'lift': 'Lift Chart', 'gain': 'Gain Chart', 'tree': 'Decision Tree', 'ks': 'KS Statistic Plot'}, train_size=0.7, test_data=None, preprocess=True, imputation_type=simple, iterative_imputation_iters=5, categorical_features=None, categorical_imputation=constant, categorical_iterative_imputer=lightgbm, ordinal_features=None, high_cardinality_features=None, high_cardinality_method=frequency, numeric_features=None, numeric_imputation=mean, numeric_iterative_imputer=lightgbm, date_features=None, ignore_features=None, normalize=False, normalize_method=zscore, transformation=False, transformation_method=yeo-johnson, handle_unknown_categorical=True, unknown_categorical_method=least_frequent, pca=False, pca_method=linear, pca_components=None, ignore_low_variance=False, combine_rare_levels=False, rare_level_threshold=0.1, bin_numeric_features=None, remove_outliers=False, outliers_threshold=0.05, remove_multicollinearity=False, multicollinearity_threshold=0.9, remove_perfect_collinearity=True, create_clusters=False, cluster_iter=20, polynomial_features=False, polynomial_degree=2, trigonometry_features=False, polynomial_threshold=0.1, group_features=None, group_names=None, feature_selection=False, feature_selection_threshold=0.8, feature_selection_method=classic, feature_interaction=False, feature_ratio=False, interaction_threshold=0.01, fix_imbalance=False, fix_imbalance_method=None, transform_target=False, transform_target_method=box-cox, data_split_shuffle=True, data_split_stratify=False, fold_strategy=stratifiedkfold, fold=10, fold_shuffle=False, fold_groups=None, n_jobs=-1, use_gpu=False, custom_pipeline=None, html=False, session_id=None, log_experiment=False, experiment_name=None, experiment_custom_tags=None, log_plots=False, log_profile=False, log_data=False, silent=True, verbose=True, profile=False, profile_kwargs=None, display=None)
2023-02-08 15:42:19,831:INFO:Checking environment
2023-02-08 15:42:19,832:INFO:python_version: 3.8.8
2023-02-08 15:42:19,833:INFO:python_build: ('default', 'Apr 13 2021 15:08:03')
2023-02-08 15:42:19,834:INFO:machine: AMD64
2023-02-08 15:42:19,834:INFO:platform: Windows-10-10.0.19041-SP0
2023-02-08 15:42:19,835:INFO:Memory: svmem(total=17031413760, available=5020766208, percent=70.5, used=12010647552, free=5020766208)
2023-02-08 15:42:19,836:INFO:Physical Core: 4
2023-02-08 15:42:19,837:INFO:Logical Core: 8
2023-02-08 15:42:19,838:INFO:Checking libraries
2023-02-08 15:42:19,839:INFO:pd==1.5.2
2023-02-08 15:42:19,839:INFO:numpy==1.20.3
2023-02-08 15:42:19,840:INFO:sklearn==0.23.2
2023-02-08 15:42:19,841:INFO:lightgbm==3.3.4
2023-02-08 15:42:19,842:WARNING:catboost not found
2023-02-08 15:42:19,843:INFO:xgboost==1.7.3
2023-02-08 15:42:19,843:INFO:mlflow==2.1.1
2023-02-08 15:42:19,844:INFO:Checking Exceptions
2023-02-08 15:42:19,845:INFO:Declaring global variables
2023-02-08 15:42:19,846:INFO:USI: 737a
2023-02-08 15:42:19,846:INFO:pycaret_globals: {'display_container', '_all_models', 'y', '_available_plots', 'X_train', 'fix_imbalance_method_param', 'master_model_container', 'pycaret_globals', 'log_plots_param', 'fold_groups_param_full', 'n_jobs_param', '_internal_pipeline', 'create_model_container', 'seed', 'fix_imbalance_param', 'fold_generator', 'dashboard_logger', 'y_test', 'target_param', 'prep_pipe', 'y_train', 'X_test', '_all_models_internal', 'stratify_param', 'USI', 'fold_groups_param', 'transform_target_param', 'exp_name_log', '_ml_usecase', 'gpu_param', '_gpu_n_jobs_param', 'X', 'fold_param', 'experiment__', 'imputation_regressor', 'imputation_classifier', 'iterative_imputation_iters_param', 'fold_shuffle_param', 'html_param', 'transform_target_method_param', 'data_before_preprocess', 'logging_param', '_all_metrics'}
2023-02-08 15:42:19,847:INFO:Preparing display monitor
2023-02-08 15:42:19,848:INFO:Preparing display monitor
2023-02-08 15:42:19,848:INFO:Importing libraries
2023-02-08 15:42:19,849:INFO:Copying data for preprocessing
2023-02-08 15:42:19,850:INFO:Declaring preprocessing parameters
2023-02-08 15:42:19,852:INFO:Creating preprocessing pipeline
2023-02-08 15:42:19,866:INFO:Preprocessing pipeline created successfully
2023-02-08 15:42:19,867:ERROR:(Process Exit): setup has been interupted with user command 'quit'. setup must rerun.
2023-02-08 15:42:19,868:INFO:Creating global containers
2023-02-08 15:42:19,869:INFO:Internal pipeline: Pipeline(memory=None, steps=[('empty_step', 'passthrough')], verbose=False)
2023-02-08 15:42:20,196:WARNING:Couldn't import catboost.CatBoostClassifier
2023-02-08 15:42:20,281:WARNING:Couldn't import catboost.CatBoostClassifier
2023-02-08 15:42:20,282:INFO:Creating grid variables
2023-02-08 15:42:20,298:INFO:create_model_container: 0
2023-02-08 15:42:20,299:INFO:master_model_container: 0
2023-02-08 15:42:20,300:INFO:display_container: 1
2023-02-08 15:42:20,306:INFO:Pipeline(memory=None,
         steps=[('dtypes',
                 DataTypes_Auto_infer(categorical_features=[],
                                      display_types=False, features_todrop=[],
                                      id_columns=[],
                                      ml_usecase='classification',
                                      numerical_features=[], target='Exited',
                                      time_features=[])),
                ('imputer',
                 Simple_Imputer(categorical_strategy='not_available',
                                fill_value_categorical=None,
                                fill_value_numerical=None,
                                numeric_stra...
                ('scaling', 'passthrough'), ('P_transform', 'passthrough'),
                ('binn', 'passthrough'), ('rem_outliers', 'passthrough'),
                ('cluster_all', 'passthrough'),
                ('dummy', Dummify(target='Exited')),
                ('fix_perfect', Remove_100(target='Exited')),
                ('clean_names', Clean_Colum_Names()),
                ('feature_select', 'passthrough'), ('fix_multi', 'passthrough'),
                ('dfs', 'passthrough'), ('pca', 'passthrough')],
         verbose=False)
2023-02-08 15:42:20,308:INFO:setup() succesfully completed......................................
2023-02-08 15:42:44,837:INFO:PyCaret Supervised Module
2023-02-08 15:42:44,838:INFO:ML Usecase: classification
2023-02-08 15:42:44,839:INFO:version 2.3.10
2023-02-08 15:42:44,840:INFO:Initializing setup()
2023-02-08 15:42:44,841:INFO:setup(target=Exited, ml_usecase=classification, available_plots={'parameter': 'Hyperparameters', 'auc': 'AUC', 'confusion_matrix': 'Confusion Matrix', 'threshold': 'Threshold', 'pr': 'Precision Recall', 'error': 'Prediction Error', 'class_report': 'Class Report', 'rfe': 'Feature Selection', 'learning': 'Learning Curve', 'manifold': 'Manifold Learning', 'calibration': 'Calibration Curve', 'vc': 'Validation Curve', 'dimension': 'Dimensions', 'feature': 'Feature Importance', 'feature_all': 'Feature Importance (All)', 'boundary': 'Decision Boundary', 'lift': 'Lift Chart', 'gain': 'Gain Chart', 'tree': 'Decision Tree', 'ks': 'KS Statistic Plot'}, train_size=0.7, test_data=None, preprocess=True, imputation_type=simple, iterative_imputation_iters=5, categorical_features=None, categorical_imputation=constant, categorical_iterative_imputer=lightgbm, ordinal_features=None, high_cardinality_features=None, high_cardinality_method=frequency, numeric_features=None, numeric_imputation=mean, numeric_iterative_imputer=lightgbm, date_features=None, ignore_features=None, normalize=False, normalize_method=zscore, transformation=False, transformation_method=yeo-johnson, handle_unknown_categorical=True, unknown_categorical_method=least_frequent, pca=False, pca_method=linear, pca_components=None, ignore_low_variance=False, combine_rare_levels=False, rare_level_threshold=0.1, bin_numeric_features=None, remove_outliers=False, outliers_threshold=0.05, remove_multicollinearity=False, multicollinearity_threshold=0.9, remove_perfect_collinearity=True, create_clusters=False, cluster_iter=20, polynomial_features=False, polynomial_degree=2, trigonometry_features=False, polynomial_threshold=0.1, group_features=None, group_names=None, feature_selection=False, feature_selection_threshold=0.8, feature_selection_method=classic, feature_interaction=False, feature_ratio=False, interaction_threshold=0.01, fix_imbalance=False, fix_imbalance_method=None, transform_target=False, transform_target_method=box-cox, data_split_shuffle=True, data_split_stratify=False, fold_strategy=stratifiedkfold, fold=10, fold_shuffle=False, fold_groups=None, n_jobs=-1, use_gpu=False, custom_pipeline=None, html=True, session_id=None, log_experiment=False, experiment_name=None, experiment_custom_tags=None, log_plots=False, log_profile=False, log_data=False, silent=False, verbose=True, profile=False, profile_kwargs=None, display=None)
2023-02-08 15:42:44,842:INFO:Checking environment
2023-02-08 15:42:44,843:INFO:python_version: 3.8.8
2023-02-08 15:42:44,844:INFO:python_build: ('default', 'Apr 13 2021 15:08:03')
2023-02-08 15:42:44,845:INFO:machine: AMD64
2023-02-08 15:42:44,846:INFO:platform: Windows-10-10.0.19041-SP0
2023-02-08 15:42:44,847:INFO:Memory: svmem(total=17031413760, available=5192327168, percent=69.5, used=11839086592, free=5192327168)
2023-02-08 15:42:44,848:INFO:Physical Core: 4
2023-02-08 15:42:44,850:INFO:Logical Core: 8
2023-02-08 15:42:44,851:INFO:Checking libraries
2023-02-08 15:42:44,852:INFO:pd==1.5.2
2023-02-08 15:42:44,853:INFO:numpy==1.20.3
2023-02-08 15:42:44,853:INFO:sklearn==0.23.2
2023-02-08 15:42:44,855:INFO:lightgbm==3.3.4
2023-02-08 15:42:44,856:WARNING:catboost not found
2023-02-08 15:42:44,857:INFO:xgboost==1.7.3
2023-02-08 15:42:44,858:INFO:mlflow==2.1.1
2023-02-08 15:42:44,858:INFO:Checking Exceptions
2023-02-08 15:42:44,859:INFO:Declaring global variables
2023-02-08 15:42:44,860:INFO:USI: ec9c
2023-02-08 15:42:44,861:INFO:pycaret_globals: {'display_container', '_all_models', 'y', '_available_plots', 'X_train', 'fix_imbalance_method_param', 'master_model_container', 'pycaret_globals', 'log_plots_param', 'fold_groups_param_full', 'n_jobs_param', '_internal_pipeline', 'create_model_container', 'seed', 'fix_imbalance_param', 'fold_generator', 'dashboard_logger', 'y_test', 'target_param', 'prep_pipe', 'y_train', 'X_test', '_all_models_internal', 'stratify_param', 'USI', 'fold_groups_param', 'transform_target_param', 'exp_name_log', '_ml_usecase', 'gpu_param', '_gpu_n_jobs_param', 'X', 'fold_param', 'experiment__', 'imputation_regressor', 'imputation_classifier', 'iterative_imputation_iters_param', 'fold_shuffle_param', 'html_param', 'transform_target_method_param', 'data_before_preprocess', 'logging_param', '_all_metrics'}
2023-02-08 15:42:44,862:INFO:Preparing display monitor
2023-02-08 15:42:44,862:INFO:Preparing display monitor
2023-02-08 15:42:44,874:INFO:Importing libraries
2023-02-08 15:42:44,874:INFO:Copying data for preprocessing
2023-02-08 15:42:44,884:INFO:Declaring preprocessing parameters
2023-02-08 15:42:44,887:INFO:Creating preprocessing pipeline
2023-02-08 15:42:44,912:INFO:Preprocessing pipeline created successfully
2023-02-08 15:42:44,912:ERROR:(Process Exit): setup has been interupted with user command 'quit'. setup must rerun.
2023-02-08 15:42:44,913:INFO:Creating global containers
2023-02-08 15:42:44,914:INFO:Internal pipeline: Pipeline(memory=None, steps=[('empty_step', 'passthrough')], verbose=False)
2023-02-08 15:42:51,695:WARNING:Couldn't import catboost.CatBoostClassifier
2023-02-08 15:42:51,764:WARNING:Couldn't import catboost.CatBoostClassifier
2023-02-08 15:42:51,765:INFO:Creating grid variables
2023-02-08 15:42:51,784:INFO:create_model_container: 0
2023-02-08 15:42:51,785:INFO:master_model_container: 0
2023-02-08 15:42:51,786:INFO:display_container: 1
2023-02-08 15:42:51,790:INFO:Pipeline(memory=None,
         steps=[('dtypes',
                 DataTypes_Auto_infer(categorical_features=[],
                                      display_types=True, features_todrop=[],
                                      id_columns=[],
                                      ml_usecase='classification',
                                      numerical_features=[], target='Exited',
                                      time_features=[])),
                ('imputer',
                 Simple_Imputer(categorical_strategy='not_available',
                                fill_value_categorical=None,
                                fill_value_numerical=None,
                                numeric_strat...
                ('scaling', 'passthrough'), ('P_transform', 'passthrough'),
                ('binn', 'passthrough'), ('rem_outliers', 'passthrough'),
                ('cluster_all', 'passthrough'),
                ('dummy', Dummify(target='Exited')),
                ('fix_perfect', Remove_100(target='Exited')),
                ('clean_names', Clean_Colum_Names()),
                ('feature_select', 'passthrough'), ('fix_multi', 'passthrough'),
                ('dfs', 'passthrough'), ('pca', 'passthrough')],
         verbose=False)
2023-02-08 15:42:51,791:INFO:setup() succesfully completed......................................
2023-02-13 15:37:02,750:INFO:Initializing load_model()
2023-02-13 15:37:02,753:INFO:load_model(model_name=./deployment_28042020, platform=None, authentication=None, verbose=True)
